# JRE version: Java(TM) SE Runtime Environment (8.0_60-b27) (build 1.8.0_60-b27)
# Java VM: Java HotSpot(TM) 64-Bit Server VM (25.60-b23 mixed mode windows-amd64 compressed oops)
Heap:
 PSYoungGen      total 478720K, used 389830K [0x00000000e0000000, 0x0000000100000000, 0x0000000100000000)
  eden space 450560K, 80% used [0x00000000e0000000,0x00000000f619e270,0x00000000fb800000)
  from space 28160K, 98% used [0x00000000fb800000,0x00000000fd313978,0x00000000fd380000)
  to   space 39936K, 0% used [0x00000000fd900000,0x00000000fd900000,0x0000000100000000)
 ParOldGen       total 193536K, used 93001K [0x00000000a0000000, 0x00000000abd00000, 0x00000000e0000000)
  object space 193536K, 48% used [0x00000000a0000000,0x00000000a5ad2648,0x00000000abd00000)
 Metaspace       used 103935K, capacity 109400K, committed 109844K, reserved 1144832K
  class space    used 13700K, capacity 14751K, committed 14908K, reserved 1048576K
GC Heap History (10 events):
Event: 984.780 GC heap before
{Heap before GC invocations=27 (full 3):
 PSYoungGen      total 399360K, used 369696K [0x00000000e0000000, 0x0000000100000000, 0x0000000100000000)
  eden space 365568K, 100% used [0x00000000e0000000,0x00000000f6500000,0x00000000f6500000)
  from space 33792K, 12% used [0x00000000f6500000,0x00000000f6908000,0x00000000f8600000)
  to   space 33280K, 0% used [0x00000000fdf80000,0x00000000fdf80000,0x0000000100000000)
 ParOldGen       total 136704K, used 100225K [0x00000000a0000000, 0x00000000a8580000, 0x00000000e0000000)
  object space 136704K, 73% used [0x00000000a0000000,0x00000000a61e07b0,0x00000000a8580000)
 Metaspace       used 92483K, capacity 98078K, committed 98196K, reserved 1134592K
  class space    used 12413K, capacity 13472K, committed 13500K, reserved 1048576K
Event: 984.804 GC heap after
Heap after GC invocations=27 (full 3):
 PSYoungGen      total 486912K, used 5440K [0x00000000e0000000, 0x00000000ffc80000, 0x0000000100000000)
  eden space 457216K, 0% used [0x00000000e0000000,0x00000000e0000000,0x00000000fbe80000)
  from space 29696K, 18% used [0x00000000fdf80000,0x00000000fe4d01c8,0x00000000ffc80000)
  to   space 31744K, 0% used [0x00000000fbe80000,0x00000000fbe80000,0x00000000fdd80000)
 ParOldGen       total 136704K, used 102678K [0x00000000a0000000, 0x00000000a8580000, 0x00000000e0000000)
  object space 136704K, 75% used [0x00000000a0000000,0x00000000a6445b18,0x00000000a8580000)
 Metaspace       used 92483K, capacity 98078K, committed 98196K, reserved 1134592K
  class space    used 12413K, capacity 13472K, committed 13500K, reserved 1048576K
}
Event: 987.781 GC heap before
{Heap before GC invocations=28 (full 3):
 PSYoungGen      total 486912K, used 253695K [0x00000000e0000000, 0x00000000ffc80000, 0x0000000100000000)
  eden space 457216K, 54% used [0x00000000e0000000,0x00000000ef26fc38,0x00000000fbe80000)
  from space 29696K, 18% used [0x00000000fdf80000,0x00000000fe4d01c8,0x00000000ffc80000)
  to   space 31744K, 0% used [0x00000000fbe80000,0x00000000fbe80000,0x00000000fdd80000)
 ParOldGen       total 136704K, used 102678K [0x00000000a0000000, 0x00000000a8580000, 0x00000000e0000000)
  object space 136704K, 75% used [0x00000000a0000000,0x00000000a6445b18,0x00000000a8580000)
 Metaspace       used 92830K, capacity 98332K, committed 98380K, reserved 1134592K
  class space    used 12458K, capacity 13485K, committed 13500K, reserved 1048576K
Event: 987.995 GC heap after
Heap after GC invocations=28 (full 3):
 PSYoungGen      total 488960K, used 9889K [0x00000000e0000000, 0x00000000fff00000, 0x0000000100000000)
  eden space 457216K, 0% used [0x00000000e0000000,0x00000000e0000000,0x00000000fbe80000)
  from space 31744K, 31% used [0x00000000fbe80000,0x00000000fc828468,0x00000000fdd80000)
  to   space 30208K, 0% used [0x00000000fe180000,0x00000000fe180000,0x00000000fff00000)
 ParOldGen       total 136704K, used 104822K [0x00000000a0000000, 0x00000000a8580000, 0x00000000e0000000)
  object space 136704K, 76% used [0x00000000a0000000,0x00000000a665d9a8,0x00000000a8580000)
 Metaspace       used 92830K, capacity 98332K, committed 98380K, reserved 1134592K
  class space    used 12458K, capacity 13485K, committed 13500K, reserved 1048576K
}
Event: 987.995 GC heap before
{Heap before GC invocations=29 (full 4):
 PSYoungGen      total 488960K, used 9889K [0x00000000e0000000, 0x00000000fff00000, 0x0000000100000000)
  eden space 457216K, 0% used [0x00000000e0000000,0x00000000e0000000,0x00000000fbe80000)
  from space 31744K, 31% used [0x00000000fbe80000,0x00000000fc828468,0x00000000fdd80000)
  to   space 30208K, 0% used [0x00000000fe180000,0x00000000fe180000,0x00000000fff00000)
 ParOldGen       total 136704K, used 104822K [0x00000000a0000000, 0x00000000a8580000, 0x00000000e0000000)
  object space 136704K, 76% used [0x00000000a0000000,0x00000000a665d9a8,0x00000000a8580000)
 Metaspace       used 92830K, capacity 98332K, committed 98380K, reserved 1134592K
  class space    used 12458K, capacity 13485K, committed 13500K, reserved 1048576K
Event: 990.767 GC heap after
Heap after GC invocations=29 (full 4):
 PSYoungGen      total 488960K, used 0K [0x00000000e0000000, 0x00000000fff00000, 0x0000000100000000)
  eden space 457216K, 0% used [0x00000000e0000000,0x00000000e0000000,0x00000000fbe80000)
  from space 31744K, 0% used [0x00000000fbe80000,0x00000000fbe80000,0x00000000fdd80000)
  to   space 30208K, 0% used [0x00000000fe180000,0x00000000fe180000,0x00000000fff00000)
 ParOldGen       total 193536K, used 69133K [0x00000000a0000000, 0x00000000abd00000, 0x00000000e0000000)
  object space 193536K, 35% used [0x00000000a0000000,0x00000000a4383570,0x00000000abd00000)
 Metaspace       used 91929K, capacity 96008K, committed 98380K, reserved 1134592K
  class space    used 12154K, capacity 12967K, committed 13500K, reserved 1048576K
}
Event: 1006.898 GC heap before
{Heap before GC invocations=30 (full 4):
 PSYoungGen      total 488960K, used 457216K [0x00000000e0000000, 0x00000000fff00000, 0x0000000100000000)
  eden space 457216K, 100% used [0x00000000e0000000,0x00000000fbe80000,0x00000000fbe80000)
  from space 31744K, 0% used [0x00000000fbe80000,0x00000000fbe80000,0x00000000fdd80000)
  to   space 30208K, 0% used [0x00000000fe180000,0x00000000fe180000,0x00000000fff00000)
 ParOldGen       total 193536K, used 69133K [0x00000000a0000000, 0x00000000abd00000, 0x00000000e0000000)
  object space 193536K, 35% used [0x00000000a0000000,0x00000000a4383570,0x00000000abd00000)
 Metaspace       used 101101K, capacity 105824K, committed 107540K, reserved 1142784K
  class space    used 13367K, capacity 14289K, committed 14652K, reserved 1048576K
Event: 1007.088 GC heap after
Heap after GC invocations=30 (full 4):
 PSYoungGen      total 480768K, used 30200K [0x00000000e0000000, 0x0000000100000000, 0x0000000100000000)
  eden space 450560K, 0% used [0x00000000e0000000,0x00000000e0000000,0x00000000fb800000)
  from space 30208K, 99% used [0x00000000fe180000,0x00000000ffefe0a8,0x00000000fff00000)
  to   space 36864K, 0% used [0x00000000fb800000,0x00000000fb800000,0x00000000fdc00000)
 ParOldGen       total 193536K, used 72739K [0x00000000a0000000, 0x00000000abd00000, 0x00000000e0000000)
  object space 193536K, 37% used [0x00000000a0000000,0x00000000a4708d50,0x00000000abd00000)
 Metaspace       used 101101K, capacity 105824K, committed 107540K, reserved 1142784K
  class space    used 13367K, capacity 14289K, committed 14652K, reserved 1048576K
}
Event: 1137.550 GC heap before
{Heap before GC invocations=31 (full 4):
 PSYoungGen      total 480768K, used 480760K [0x00000000e0000000, 0x0000000100000000, 0x0000000100000000)
  eden space 450560K, 100% used [0x00000000e0000000,0x00000000fb800000,0x00000000fb800000)
  from space 30208K, 99% used [0x00000000fe180000,0x00000000ffefe0a8,0x00000000fff00000)
  to   space 36864K, 0% used [0x00000000fb800000,0x00000000fb800000,0x00000000fdc00000)
 ParOldGen       total 193536K, used 72739K [0x00000000a0000000, 0x00000000abd00000, 0x00000000e0000000)
  object space 193536K, 37% used [0x00000000a0000000,0x00000000a4708d50,0x00000000abd00000)
 Metaspace       used 103289K, capacity 108484K, committed 109076K, reserved 1142784K
  class space    used 13649K, capacity 14663K, committed 14908K, reserved 1048576K
Event: 1137.719 GC heap after
Heap after GC invocations=31 (full 4):
 PSYoungGen      total 478720K, used 27726K [0x00000000e0000000, 0x0000000100000000, 0x0000000100000000)
  eden space 450560K, 0% used [0x00000000e0000000,0x00000000e0000000,0x00000000fb800000)
  from space 28160K, 98% used [0x00000000fb800000,0x00000000fd313978,0x00000000fd380000)
  to   space 39936K, 0% used [0x00000000fd900000,0x00000000fd900000,0x0000000100000000)
 ParOldGen       total 193536K, used 93001K [0x00000000a0000000, 0x00000000abd00000, 0x00000000e0000000)
  object space 193536K, 48% used [0x00000000a0000000,0x00000000a5ad2648,0x00000000abd00000)
 Metaspace       used 103289K, capacity 108484K, committed 109076K, reserved 1142784K
  class space    used 13649K, capacity 14663K, committed 14908K, reserved 1048576K
}

