# JRE version: Java(TM) SE Runtime Environment (8.0_60-b27) (build 1.8.0_60-b27)
# Java VM: Java HotSpot(TM) 64-Bit Server VM (25.60-b23 mixed mode windows-amd64 compressed oops)
Heap:
 PSYoungGen      total 224768K, used 123216K [0x00000000e0000000, 0x00000000f2800000, 0x0000000100000000)
  eden space 177152K, 68% used [0x00000000e0000000,0x00000000e766fd28,0x00000000ead00000)
  from space 47616K, 4% used [0x00000000ead00000,0x00000000eaee44d8,0x00000000edb80000)
  to   space 49152K, 0% used [0x00000000ef800000,0x00000000ef800000,0x00000000f2800000)
 ParOldGen       total 228864K, used 132390K [0x00000000a0000000, 0x00000000adf80000, 0x00000000e0000000)
  object space 228864K, 57% used [0x00000000a0000000,0x00000000a8149920,0x00000000adf80000)
 Metaspace       used 112579K, capacity 123246K, committed 123520K, reserved 1157120K
  class space    used 14571K, capacity 16136K, committed 16256K, reserved 1048576K
GC Heap History (10 events):
Event: 15614.770 GC heap before
{Heap before GC invocations=101 (full 4):
 PSYoungGen      total 178176K, used 159180K [0x00000000e0000000, 0x00000000ee000000, 0x0000000100000000)
  eden space 131072K, 100% used [0x00000000e0000000,0x00000000e8000000,0x00000000e8000000)
  from space 47104K, 59% used [0x00000000eb200000,0x00000000ecd731c0,0x00000000ee000000)
  to   space 49152K, 0% used [0x00000000e8000000,0x00000000e8000000,0x00000000eb000000)
 ParOldGen       total 228864K, used 114432K [0x00000000a0000000, 0x00000000adf80000, 0x00000000e0000000)
  object space 228864K, 50% used [0x00000000a0000000,0x00000000a6fc01f8,0x00000000adf80000)
 Metaspace       used 112304K, capacity 122944K, committed 123264K, reserved 1157120K
  class space    used 14568K, capacity 16135K, committed 16256K, reserved 1048576K
Event: 15614.809 GC heap after
Heap after GC invocations=101 (full 4):
 PSYoungGen      total 180224K, used 25321K [0x00000000e0000000, 0x00000000ef280000, 0x0000000100000000)
  eden space 131072K, 0% used [0x00000000e0000000,0x00000000e0000000,0x00000000e8000000)
  from space 49152K, 51% used [0x00000000e8000000,0x00000000e98ba460,0x00000000eb000000)
  to   space 47616K, 0% used [0x00000000ec400000,0x00000000ec400000,0x00000000ef280000)
 ParOldGen       total 228864K, used 116486K [0x00000000a0000000, 0x00000000adf80000, 0x00000000e0000000)
  object space 228864K, 50% used [0x00000000a0000000,0x00000000a71c1ae8,0x00000000adf80000)
 Metaspace       used 112304K, capacity 122944K, committed 123264K, reserved 1157120K
  class space    used 14568K, capacity 16135K, committed 16256K, reserved 1048576K
}
Event: 15615.055 GC heap before
{Heap before GC invocations=102 (full 4):
 PSYoungGen      total 180224K, used 156393K [0x00000000e0000000, 0x00000000ef280000, 0x0000000100000000)
  eden space 131072K, 100% used [0x00000000e0000000,0x00000000e8000000,0x00000000e8000000)
  from space 49152K, 51% used [0x00000000e8000000,0x00000000e98ba460,0x00000000eb000000)
  to   space 47616K, 0% used [0x00000000ec400000,0x00000000ec400000,0x00000000ef280000)
 ParOldGen       total 228864K, used 116486K [0x00000000a0000000, 0x00000000adf80000, 0x00000000e0000000)
  object space 228864K, 50% used [0x00000000a0000000,0x00000000a71c1ae8,0x00000000adf80000)
 Metaspace       used 112352K, capacity 123016K, committed 123264K, reserved 1157120K
  class space    used 14568K, capacity 16135K, committed 16256K, reserved 1048576K
Event: 15615.085 GC heap after
Heap after GC invocations=102 (full 4):
 PSYoungGen      total 199680K, used 21445K [0x00000000e0000000, 0x00000000ef180000, 0x0000000100000000)
  eden space 153088K, 0% used [0x00000000e0000000,0x00000000e0000000,0x00000000e9580000)
  from space 46592K, 46% used [0x00000000ec400000,0x00000000ed8f1778,0x00000000ef180000)
  to   space 47104K, 0% used [0x00000000e9580000,0x00000000e9580000,0x00000000ec380000)
 ParOldGen       total 228864K, used 119403K [0x00000000a0000000, 0x00000000adf80000, 0x00000000e0000000)
  object space 228864K, 52% used [0x00000000a0000000,0x00000000a749acd0,0x00000000adf80000)
 Metaspace       used 112352K, capacity 123016K, committed 123264K, reserved 1157120K
  class space    used 14568K, capacity 16135K, committed 16256K, reserved 1048576K
}
Event: 15615.395 GC heap before
{Heap before GC invocations=103 (full 4):
 PSYoungGen      total 199680K, used 174533K [0x00000000e0000000, 0x00000000ef180000, 0x0000000100000000)
  eden space 153088K, 100% used [0x00000000e0000000,0x00000000e9580000,0x00000000e9580000)
  from space 46592K, 46% used [0x00000000ec400000,0x00000000ed8f1778,0x00000000ef180000)
  to   space 47104K, 0% used [0x00000000e9580000,0x00000000e9580000,0x00000000ec380000)
 ParOldGen       total 228864K, used 119403K [0x00000000a0000000, 0x00000000adf80000, 0x00000000e0000000)
  object space 228864K, 52% used [0x00000000a0000000,0x00000000a749acd0,0x00000000adf80000)
 Metaspace       used 112438K, capacity 123100K, committed 123264K, reserved 1157120K
  class space    used 14568K, capacity 16135K, committed 16256K, reserved 1048576K
Event: 15615.422 GC heap after
Heap after GC invocations=103 (full 4):
 PSYoungGen      total 200192K, used 20090K [0x00000000e0000000, 0x00000000f0900000, 0x0000000100000000)
  eden space 153088K, 0% used [0x00000000e0000000,0x00000000e0000000,0x00000000e9580000)
  from space 47104K, 42% used [0x00000000e9580000,0x00000000ea91eb10,0x00000000ec380000)
  to   space 46592K, 0% used [0x00000000edb80000,0x00000000edb80000,0x00000000f0900000)
 ParOldGen       total 228864K, used 120607K [0x00000000a0000000, 0x00000000adf80000, 0x00000000e0000000)
  object space 228864K, 52% used [0x00000000a0000000,0x00000000a75c7ce0,0x00000000adf80000)
 Metaspace       used 112438K, capacity 123100K, committed 123264K, reserved 1157120K
  class space    used 14568K, capacity 16135K, committed 16256K, reserved 1048576K
}
Event: 15615.894 GC heap before
{Heap before GC invocations=104 (full 4):
 PSYoungGen      total 200192K, used 173178K [0x00000000e0000000, 0x00000000f0900000, 0x0000000100000000)
  eden space 153088K, 100% used [0x00000000e0000000,0x00000000e9580000,0x00000000e9580000)
  from space 47104K, 42% used [0x00000000e9580000,0x00000000ea91eb10,0x00000000ec380000)
  to   space 46592K, 0% used [0x00000000edb80000,0x00000000edb80000,0x00000000f0900000)
 ParOldGen       total 228864K, used 120607K [0x00000000a0000000, 0x00000000adf80000, 0x00000000e0000000)
  object space 228864K, 52% used [0x00000000a0000000,0x00000000a75c7ce0,0x00000000adf80000)
 Metaspace       used 112518K, capacity 123172K, committed 123520K, reserved 1157120K
  class space    used 14568K, capacity 16135K, committed 16256K, reserved 1048576K
Event: 15615.937 GC heap after
Heap after GC invocations=104 (full 4):
 PSYoungGen      total 223744K, used 9857K [0x00000000e0000000, 0x00000000f0b00000, 0x0000000100000000)
  eden space 177152K, 0% used [0x00000000e0000000,0x00000000e0000000,0x00000000ead00000)
  from space 46592K, 21% used [0x00000000edb80000,0x00000000ee520448,0x00000000f0900000)
  to   space 47616K, 0% used [0x00000000ead00000,0x00000000ead00000,0x00000000edb80000)
 ParOldGen       total 228864K, used 127447K [0x00000000a0000000, 0x00000000adf80000, 0x00000000e0000000)
  object space 228864K, 55% used [0x00000000a0000000,0x00000000a7c75c88,0x00000000adf80000)
 Metaspace       used 112518K, capacity 123172K, committed 123520K, reserved 1157120K
  class space    used 14568K, capacity 16135K, committed 16256K, reserved 1048576K
}
Event: 15616.730 GC heap before
{Heap before GC invocations=105 (full 4):
 PSYoungGen      total 223744K, used 187009K [0x00000000e0000000, 0x00000000f0b00000, 0x0000000100000000)
  eden space 177152K, 100% used [0x00000000e0000000,0x00000000ead00000,0x00000000ead00000)
  from space 46592K, 21% used [0x00000000edb80000,0x00000000ee520448,0x00000000f0900000)
  to   space 47616K, 0% used [0x00000000ead00000,0x00000000ead00000,0x00000000edb80000)
 ParOldGen       total 228864K, used 127447K [0x00000000a0000000, 0x00000000adf80000, 0x00000000e0000000)
  object space 228864K, 55% used [0x00000000a0000000,0x00000000a7c75c88,0x00000000adf80000)
 Metaspace       used 112549K, capacity 123176K, committed 123520K, reserved 1157120K
  class space    used 14568K, capacity 16135K, committed 16256K, reserved 1048576K
Event: 15616.740 GC heap after
Heap after GC invocations=105 (full 4):
 PSYoungGen      total 224768K, used 1937K [0x00000000e0000000, 0x00000000f2800000, 0x0000000100000000)
  eden space 177152K, 0% used [0x00000000e0000000,0x00000000e0000000,0x00000000ead00000)
  from space 47616K, 4% used [0x00000000ead00000,0x00000000eaee44d8,0x00000000edb80000)
  to   space 49152K, 0% used [0x00000000ef800000,0x00000000ef800000,0x00000000f2800000)
 ParOldGen       total 228864K, used 132390K [0x00000000a0000000, 0x00000000adf80000, 0x00000000e0000000)
  object space 228864K, 57% used [0x00000000a0000000,0x00000000a8149920,0x00000000adf80000)
 Metaspace       used 112549K, capacity 123176K, committed 123520K, reserved 1157120K
  class space    used 14568K, capacity 16135K, committed 16256K, reserved 1048576K
}

