# JRE version: Java(TM) SE Runtime Environment (8.0_60-b27) (build 1.8.0_60-b27)
# Java VM: Java HotSpot(TM) 64-Bit Server VM (25.60-b23 mixed mode windows-amd64 compressed oops)
Heap:
 PSYoungGen      total 419840K, used 409711K [0x00000000e0000000, 0x00000000fed00000, 0x0000000100000000)
  eden space 387584K, 97% used [0x00000000e0000000,0x00000000f70eaed8,0x00000000f7a80000)
  from space 32256K, 99% used [0x00000000f7a80000,0x00000000f99fea90,0x00000000f9a00000)
  to   space 38400K, 0% used [0x00000000fc780000,0x00000000fc780000,0x00000000fed00000)
 ParOldGen       total 199168K, used 53704K [0x00000000a0000000, 0x00000000ac280000, 0x00000000e0000000)
  object space 199168K, 26% used [0x00000000a0000000,0x00000000a3472358,0x00000000ac280000)
 Metaspace       used 102576K, capacity 107104K, committed 109184K, reserved 1142784K
  class space    used 13475K, capacity 14364K, committed 14976K, reserved 1048576K
GC Heap History (10 events):
Event: 40.103 GC heap before
{Heap before GC invocations=35 (full 3):
 PSYoungGen      total 331776K, used 309472K [0x00000000e0000000, 0x00000000f8c00000, 0x0000000100000000)
  eden space 306176K, 100% used [0x00000000e0000000,0x00000000f2b00000,0x00000000f2b00000)
  from space 25600K, 12% used [0x00000000f2b00000,0x00000000f2e38000,0x00000000f4400000)
  to   space 25088K, 0% used [0x00000000f7380000,0x00000000f7380000,0x00000000f8c00000)
 ParOldGen       total 145920K, used 111060K [0x00000000a0000000, 0x00000000a8e80000, 0x00000000e0000000)
  object space 145920K, 76% used [0x00000000a0000000,0x00000000a6c75060,0x00000000a8e80000)
 Metaspace       used 84289K, capacity 89420K, committed 89728K, reserved 1126400K
  class space    used 11669K, capacity 12559K, committed 12672K, reserved 1048576K
Event: 40.173 GC heap after
Heap after GC invocations=35 (full 3):
 PSYoungGen      total 376832K, used 22524K [0x00000000e0000000, 0x00000000f9200000, 0x0000000100000000)
  eden space 351744K, 0% used [0x00000000e0000000,0x00000000e0000000,0x00000000f5780000)
  from space 25088K, 89% used [0x00000000f7380000,0x00000000f897f050,0x00000000f8c00000)
  to   space 28672K, 0% used [0x00000000f5780000,0x00000000f5780000,0x00000000f7380000)
 ParOldGen       total 145920K, used 113019K [0x00000000a0000000, 0x00000000a8e80000, 0x00000000e0000000)
  object space 145920K, 77% used [0x00000000a0000000,0x00000000a6e5ed70,0x00000000a8e80000)
 Metaspace       used 84289K, capacity 89420K, committed 89728K, reserved 1126400K
  class space    used 11669K, capacity 12559K, committed 12672K, reserved 1048576K
}
Event: 1544.575 GC heap before
{Heap before GC invocations=36 (full 3):
 PSYoungGen      total 376832K, used 244911K [0x00000000e0000000, 0x00000000f9200000, 0x0000000100000000)
  eden space 351744K, 63% used [0x00000000e0000000,0x00000000ed92cbd8,0x00000000f5780000)
  from space 25088K, 89% used [0x00000000f7380000,0x00000000f897f050,0x00000000f8c00000)
  to   space 28672K, 0% used [0x00000000f5780000,0x00000000f5780000,0x00000000f7380000)
 ParOldGen       total 145920K, used 113019K [0x00000000a0000000, 0x00000000a8e80000, 0x00000000e0000000)
  object space 145920K, 77% used [0x00000000a0000000,0x00000000a6e5ed70,0x00000000a8e80000)
 Metaspace       used 92573K, capacity 98222K, committed 98348K, reserved 1134592K
  class space    used 12643K, capacity 13639K, committed 13696K, reserved 1048576K
Event: 1544.886 GC heap after
Heap after GC invocations=36 (full 3):
 PSYoungGen      total 380416K, used 14127K [0x00000000e0000000, 0x00000000fb580000, 0x0000000100000000)
  eden space 351744K, 0% used [0x00000000e0000000,0x00000000e0000000,0x00000000f5780000)
  from space 28672K, 49% used [0x00000000f5780000,0x00000000f654bdf0,0x00000000f7380000)
  to   space 28160K, 0% used [0x00000000f9a00000,0x00000000f9a00000,0x00000000fb580000)
 ParOldGen       total 145920K, used 115752K [0x00000000a0000000, 0x00000000a8e80000, 0x00000000e0000000)
  object space 145920K, 79% used [0x00000000a0000000,0x00000000a710a178,0x00000000a8e80000)
 Metaspace       used 92573K, capacity 98222K, committed 98348K, reserved 1134592K
  class space    used 12643K, capacity 13639K, committed 13696K, reserved 1048576K
}
Event: 1544.887 GC heap before
{Heap before GC invocations=37 (full 4):
 PSYoungGen      total 380416K, used 14127K [0x00000000e0000000, 0x00000000fb580000, 0x0000000100000000)
  eden space 351744K, 0% used [0x00000000e0000000,0x00000000e0000000,0x00000000f5780000)
  from space 28672K, 49% used [0x00000000f5780000,0x00000000f654bdf0,0x00000000f7380000)
  to   space 28160K, 0% used [0x00000000f9a00000,0x00000000f9a00000,0x00000000fb580000)
 ParOldGen       total 145920K, used 115752K [0x00000000a0000000, 0x00000000a8e80000, 0x00000000e0000000)
  object space 145920K, 79% used [0x00000000a0000000,0x00000000a710a178,0x00000000a8e80000)
 Metaspace       used 92573K, capacity 98222K, committed 98348K, reserved 1134592K
  class space    used 12643K, capacity 13639K, committed 13696K, reserved 1048576K
Event: 1546.427 GC heap after
Heap after GC invocations=37 (full 4):
 PSYoungGen      total 380416K, used 0K [0x00000000e0000000, 0x00000000fb580000, 0x0000000100000000)
  eden space 351744K, 0% used [0x00000000e0000000,0x00000000e0000000,0x00000000f5780000)
  from space 28672K, 0% used [0x00000000f5780000,0x00000000f5780000,0x00000000f7380000)
  to   space 28160K, 0% used [0x00000000f9a00000,0x00000000f9a00000,0x00000000fb580000)
 ParOldGen       total 199168K, used 52215K [0x00000000a0000000, 0x00000000ac280000, 0x00000000e0000000)
  object space 199168K, 26% used [0x00000000a0000000,0x00000000a32fde10,0x00000000ac280000)
 Metaspace       used 90190K, capacity 93428K, committed 98348K, reserved 1134592K
  class space    used 12039K, capacity 12644K, committed 13696K, reserved 1048576K
}
Event: 1567.425 GC heap before
{Heap before GC invocations=38 (full 4):
 PSYoungGen      total 380416K, used 351744K [0x00000000e0000000, 0x00000000fb580000, 0x0000000100000000)
  eden space 351744K, 100% used [0x00000000e0000000,0x00000000f5780000,0x00000000f5780000)
  from space 28672K, 0% used [0x00000000f5780000,0x00000000f5780000,0x00000000f7380000)
  to   space 28160K, 0% used [0x00000000f9a00000,0x00000000f9a00000,0x00000000fb580000)
 ParOldGen       total 199168K, used 52215K [0x00000000a0000000, 0x00000000ac280000, 0x00000000e0000000)
  object space 199168K, 26% used [0x00000000a0000000,0x00000000a32fde10,0x00000000ac280000)
 Metaspace       used 100602K, capacity 104632K, committed 108288K, reserved 1142784K
  class space    used 13304K, capacity 14079K, committed 14848K, reserved 1048576K
Event: 1567.625 GC heap after
Heap after GC invocations=38 (full 4):
 PSYoungGen      total 415744K, used 25893K [0x00000000e0000000, 0x00000000fbf80000, 0x0000000100000000)
  eden space 387584K, 0% used [0x00000000e0000000,0x00000000e0000000,0x00000000f7a80000)
  from space 28160K, 91% used [0x00000000f9a00000,0x00000000fb349550,0x00000000fb580000)
  to   space 32256K, 0% used [0x00000000f7a80000,0x00000000f7a80000,0x00000000f9a00000)
 ParOldGen       total 199168K, used 52223K [0x00000000a0000000, 0x00000000ac280000, 0x00000000e0000000)
  object space 199168K, 26% used [0x00000000a0000000,0x00000000a32ffe10,0x00000000ac280000)
 Metaspace       used 100602K, capacity 104632K, committed 108288K, reserved 1142784K
  class space    used 13304K, capacity 14079K, committed 14848K, reserved 1048576K
}
Event: 1734.401 GC heap before
{Heap before GC invocations=39 (full 4):
 PSYoungGen      total 415744K, used 413477K [0x00000000e0000000, 0x00000000fbf80000, 0x0000000100000000)
  eden space 387584K, 100% used [0x00000000e0000000,0x00000000f7a80000,0x00000000f7a80000)
  from space 28160K, 91% used [0x00000000f9a00000,0x00000000fb349550,0x00000000fb580000)
  to   space 32256K, 0% used [0x00000000f7a80000,0x00000000f7a80000,0x00000000f9a00000)
 ParOldGen       total 199168K, used 52223K [0x00000000a0000000, 0x00000000ac280000, 0x00000000e0000000)
  object space 199168K, 26% used [0x00000000a0000000,0x00000000a32ffe10,0x00000000ac280000)
 Metaspace       used 102387K, capacity 106894K, committed 109184K, reserved 1142784K
  class space    used 13462K, capacity 14343K, committed 14976K, reserved 1048576K
Event: 1734.793 GC heap after
Heap after GC invocations=39 (full 4):
 PSYoungGen      total 419840K, used 32250K [0x00000000e0000000, 0x00000000fed00000, 0x0000000100000000)
  eden space 387584K, 0% used [0x00000000e0000000,0x00000000e0000000,0x00000000f7a80000)
  from space 32256K, 99% used [0x00000000f7a80000,0x00000000f99fea90,0x00000000f9a00000)
  to   space 38400K, 0% used [0x00000000fc780000,0x00000000fc780000,0x00000000fed00000)
 ParOldGen       total 199168K, used 53704K [0x00000000a0000000, 0x00000000ac280000, 0x00000000e0000000)
  object space 199168K, 26% used [0x00000000a0000000,0x00000000a3472358,0x00000000ac280000)
 Metaspace       used 102387K, capacity 106894K, committed 109184K, reserved 1142784K
  class space    used 13462K, capacity 14343K, committed 14976K, reserved 1048576K
}

